<html>
<head>
<title>TestNG:  Test</title>
<link href="../testng.css" rel="stylesheet" type="text/css" />
<link href="../my-testng.css" rel="stylesheet" type="text/css" />

<style type="text/css">
.log { display: none;} 
.stack-trace { display: none;} 
</style>
<script type="text/javascript">
<!--
function flip(e) {
  current = e.style.display;
  if (current == 'block') {
    e.style.display = 'none';
    return 0;
  }
  else {
    e.style.display = 'block';
    return 1;
  }
}

function toggleBox(szDivId, elem, msg1, msg2)
{
  var res = -1;  if (document.getElementById) {
    res = flip(document.getElementById(szDivId));
  }
  else if (document.all) {
    // this is the way old msie versions work
    res = flip(document.all[szDivId]);
  }
  if(elem) {
    if(res == 0) elem.innerHTML = msg1; else elem.innerHTML = msg2;
  }

}

function toggleAllBoxes() {
  if (document.getElementsByTagName) {
    d = document.getElementsByTagName('div');
    for (i = 0; i < d.length; i++) {
      if (d[i].className == 'log') {
        flip(d[i]);
      }
    }
  }
}

// -->
</script>

</head>
<body>
<h2 align='center'>Test</h2><table border='1' align="center">
<tr>
<td>Tests passed/Failed/Skipped:</td><td>4/1/12</td>
</tr><tr>
<td>Started on:</td><td>Thu Apr 15 18:20:20 IST 2021</td>
</tr>
<tr><td>Total time:</td><td>307 seconds (307549 ms)</td>
</tr><tr>
<td>Included groups:</td><td></td>
</tr><tr>
<td>Excluded groups:</td><td></td>
</tr>
</table><p/>
<small><i>(Hover the method name to see the test class name)</i></small><p/>
<table width='100%' border='1' class='invocation-failed'>
<tr><td colspan='4' align='center'><b>FAILED CONFIGURATIONS</b></td></tr>
<tr><td><b>Test method</b></td>
<td width="30%"><b>Exception</b></td>
<td width="10%"><b>Time (seconds)</b></td>
<td><b>Instance</b></td>
</tr>
<tr>
<td title='com.lumens.testscripts.LumensTestscripts.aftermethod()'><b>aftermethod</b><br>Test class: com.lumens.testscripts.LumensTestscripts<br>Parameters: [TestResult name=TC_Lumens_005 status=FAILURE method=LumensTestscripts.TC_Lumens_005()[pri:0, instance:com.lumens.testscripts.LumensTestscripts@ae45eb6] output={null}]</td>
<td><div><pre>org.openqa.selenium.WebDriverException: chrome not reachable
  (Session info: chrome=89.0.4389.128)
  (Driver info: chromedriver=2.43.600210 (68dcf5eebde37173d4027fa8635e332711d2874a),platform=Windows NT 6.1.7601 SP1 x86_64) (WARNING: The server did not provide any stacktrace information)
Command duration or timeout: 0 milliseconds
Build info: version: &apos;3.141.59&apos;, revision: &apos;e82be7d358&apos;, time: &apos;2018-11-14T08:17:03&apos;
System info: host: &apos;USER-PC&apos;, ip: &apos;192.168.0.4&apos;, os.name: &apos;Windows 7&apos;, os.arch: &apos;amd64&apos;, os.version: &apos;6.1&apos;, java.version: &apos;1.8.0_20&apos;
Driver info: org.openqa.selenium.chrome.ChromeDriver
Capabilities {acceptInsecureCerts: false, acceptSslCerts: false, applicationCacheEnabled: false, browserConnectionEnabled: false, browserName: chrome, chrome: {chromedriverVersion: 2.43.600210 (68dcf5eebde371..., userDataDir: C:\Users\user\AppData\Local...}, cssSelectorsEnabled: true, databaseEnabled: false, goog:chromeOptions: {debuggerAddress: localhost:53790}, handlesAlerts: true, hasTouchScreen: false, javascriptEnabled: true, locationContextEnabled: true, mobileEmulationEnabled: false, nativeEvents: true, networkConnectionEnabled: false, pageLoadStrategy: normal, platform: XP, platformName: XP, rotatable: false, setWindowRect: true, takesHeapSnapshot: true, takesScreenshot: true, unexpectedAlertBehaviour: , unhandledPromptBehavior: , version: 89.0.4389.128, webStorageEnabled: true}
Session ID: e2a1fc182c3ed5d99896182737434d17
	at org.openqa.selenium.remote.ErrorHandler.createThrowable(ErrorHandler.java:214)
	at org.openqa.selenium.remote.ErrorHandler.throwIfResponseFailed(ErrorHandler.java:166)
	at org.openqa.selenium.remote.http.JsonHttpResponseCodec.reconstructValue(JsonHttpResponseCodec.java:40)
	at org.openqa.selenium.remote.http.AbstractHttpResponseCodec.decode(AbstractHttpResponseCodec.java:80)
	at org.openqa.selenium.remote.http.AbstractHttpResponseCodec.decode(AbstractHttpResponseCodec.java:44)
	at org.openqa.selenium.remote.HttpCommandExecutor.execute(HttpCommandExecutor.java:158)
	at org.openqa.selenium.remote.service.DriverCommandExecutor.execute(DriverCommandExecutor.java:83)
	at org.openqa.selenium.remote.RemoteWebDriver.execute(RemoteWebDriver.java:552)
	at org.openqa.selenium.remote.RemoteWebDriver.execute(RemoteWebDriver.java:609)
	at org.openqa.selenium.remote.RemoteWebDriver.close(RemoteWebDriver.java:442)
	at com.lumens.testscripts.LumensTestscripts.aftermethod(LumensTestscripts.java:226)
... Removed 30 stack frames</pre></div><a href='#' onClick='toggleBox("stack-trace1970612644", this, "Click to show all stack frames", "Click to hide stack frames")'>Click to show all stack frames</a>
<div class='stack-trace' id='stack-trace1970612644'><pre>org.openqa.selenium.WebDriverException: chrome not reachable
  (Session info: chrome=89.0.4389.128)
  (Driver info: chromedriver=2.43.600210 (68dcf5eebde37173d4027fa8635e332711d2874a),platform=Windows NT 6.1.7601 SP1 x86_64) (WARNING: The server did not provide any stacktrace information)
Command duration or timeout: 0 milliseconds
Build info: version: &apos;3.141.59&apos;, revision: &apos;e82be7d358&apos;, time: &apos;2018-11-14T08:17:03&apos;
System info: host: &apos;USER-PC&apos;, ip: &apos;192.168.0.4&apos;, os.name: &apos;Windows 7&apos;, os.arch: &apos;amd64&apos;, os.version: &apos;6.1&apos;, java.version: &apos;1.8.0_20&apos;
Driver info: org.openqa.selenium.chrome.ChromeDriver
Capabilities {acceptInsecureCerts: false, acceptSslCerts: false, applicationCacheEnabled: false, browserConnectionEnabled: false, browserName: chrome, chrome: {chromedriverVersion: 2.43.600210 (68dcf5eebde371..., userDataDir: C:\Users\user\AppData\Local...}, cssSelectorsEnabled: true, databaseEnabled: false, goog:chromeOptions: {debuggerAddress: localhost:53790}, handlesAlerts: true, hasTouchScreen: false, javascriptEnabled: true, locationContextEnabled: true, mobileEmulationEnabled: false, nativeEvents: true, networkConnectionEnabled: false, pageLoadStrategy: normal, platform: XP, platformName: XP, rotatable: false, setWindowRect: true, takesHeapSnapshot: true, takesScreenshot: true, unexpectedAlertBehaviour: , unhandledPromptBehavior: , version: 89.0.4389.128, webStorageEnabled: true}
Session ID: e2a1fc182c3ed5d99896182737434d17
	at sun.reflect.NativeConstructorAccessorImpl.newInstance0(Native Method)
	at sun.reflect.NativeConstructorAccessorImpl.newInstance(Unknown Source)
	at sun.reflect.DelegatingConstructorAccessorImpl.newInstance(Unknown Source)
	at java.lang.reflect.Constructor.newInstance(Unknown Source)
	at org.openqa.selenium.remote.ErrorHandler.createThrowable(ErrorHandler.java:214)
	at org.openqa.selenium.remote.ErrorHandler.throwIfResponseFailed(ErrorHandler.java:166)
	at org.openqa.selenium.remote.http.JsonHttpResponseCodec.reconstructValue(JsonHttpResponseCodec.java:40)
	at org.openqa.selenium.remote.http.AbstractHttpResponseCodec.decode(AbstractHttpResponseCodec.java:80)
	at org.openqa.selenium.remote.http.AbstractHttpResponseCodec.decode(AbstractHttpResponseCodec.java:44)
	at org.openqa.selenium.remote.HttpCommandExecutor.execute(HttpCommandExecutor.java:158)
	at org.openqa.selenium.remote.service.DriverCommandExecutor.execute(DriverCommandExecutor.java:83)
	at org.openqa.selenium.remote.RemoteWebDriver.execute(RemoteWebDriver.java:552)
	at org.openqa.selenium.remote.RemoteWebDriver.execute(RemoteWebDriver.java:609)
	at org.openqa.selenium.remote.RemoteWebDriver.close(RemoteWebDriver.java:442)
	at com.lumens.testscripts.LumensTestscripts.aftermethod(LumensTestscripts.java:226)
	at sun.reflect.NativeMethodAccessorImpl.invoke0(Native Method)
	at sun.reflect.NativeMethodAccessorImpl.invoke(Unknown Source)
	at sun.reflect.DelegatingMethodAccessorImpl.invoke(Unknown Source)
	at java.lang.reflect.Method.invoke(Unknown Source)
	at org.testng.internal.MethodInvocationHelper.invokeMethod(MethodInvocationHelper.java:80)
	at org.testng.internal.Invoker.invokeConfigurationMethod(Invoker.java:564)
	at org.testng.internal.Invoker.invokeConfigurations(Invoker.java:213)
	at org.testng.internal.Invoker.invokeMethod(Invoker.java:786)
	at org.testng.internal.Invoker.invokeTestMethod(Invoker.java:901)
	at org.testng.internal.Invoker.invokeTestMethods(Invoker.java:1231)
	at org.testng.internal.TestMethodWorker.invokeTestMethods(TestMethodWorker.java:127)
	at org.testng.internal.TestMethodWorker.run(TestMethodWorker.java:111)
	at org.testng.TestRunner.privateRun(TestRunner.java:767)
	at org.testng.TestRunner.run(TestRunner.java:617)
	at org.testng.SuiteRunner.runTest(SuiteRunner.java:334)
	at org.testng.SuiteRunner.runSequentially(SuiteRunner.java:329)
	at org.testng.SuiteRunner.privateRun(SuiteRunner.java:291)
	at org.testng.SuiteRunner.run(SuiteRunner.java:240)
	at org.testng.SuiteRunnerWorker.runSuite(SuiteRunnerWorker.java:52)
	at org.testng.SuiteRunnerWorker.run(SuiteRunnerWorker.java:86)
	at org.testng.TestNG.runSuitesSequentially(TestNG.java:1198)
	at org.testng.TestNG.runSuitesLocally(TestNG.java:1123)
	at org.testng.TestNG.run(TestNG.java:1031)
	at org.testng.remote.AbstractRemoteTestNG.run(AbstractRemoteTestNG.java:114)
	at org.testng.remote.RemoteTestNG.initAndRun(RemoteTestNG.java:251)
	at org.testng.remote.RemoteTestNG.main(RemoteTestNG.java:77)
</pre></div></td>
<td>0</td>
<td>com.lumens.testscripts.LumensTestscripts@ae45eb6</td></tr>
</table><p>
<table width='100%' border='1' class='invocation-skipped'>
<tr><td colspan='4' align='center'><b>SKIPPED CONFIGURATIONS</b></td></tr>
<tr><td><b>Test method</b></td>
<td width="30%"><b>Exception</b></td>
<td width="10%"><b>Time (seconds)</b></td>
<td><b>Instance</b></td>
</tr>
<tr>
<td title='com.lumens.testscripts.LumensTestscripts.beforemethod()'><b>beforemethod</b><br>Test class: com.lumens.testscripts.LumensTestscripts</td>
<td></td>
<td>0</td>
<td>com.lumens.testscripts.LumensTestscripts@ae45eb6</td></tr>
<tr>
<td title='com.lumens.testscripts.LumensTestscripts.beforemethod()'><b>beforemethod</b><br>Test class: com.lumens.testscripts.LumensTestscripts</td>
<td></td>
<td>0</td>
<td>com.lumens.testscripts.LumensTestscripts@ae45eb6</td></tr>
<tr>
<td title='com.lumens.testscripts.LumensTestscripts.beforemethod()'><b>beforemethod</b><br>Test class: com.lumens.testscripts.LumensTestscripts</td>
<td></td>
<td>0</td>
<td>com.lumens.testscripts.LumensTestscripts@ae45eb6</td></tr>
<tr>
<td title='com.lumens.testscripts.LumensTestscripts.beforemethod()'><b>beforemethod</b><br>Test class: com.lumens.testscripts.LumensTestscripts</td>
<td></td>
<td>0</td>
<td>com.lumens.testscripts.LumensTestscripts@ae45eb6</td></tr>
<tr>
<td title='com.lumens.testscripts.LumensTestscripts.beforemethod()'><b>beforemethod</b><br>Test class: com.lumens.testscripts.LumensTestscripts</td>
<td></td>
<td>0</td>
<td>com.lumens.testscripts.LumensTestscripts@ae45eb6</td></tr>
<tr>
<td title='com.lumens.testscripts.LumensTestscripts.beforemethod()'><b>beforemethod</b><br>Test class: com.lumens.testscripts.LumensTestscripts</td>
<td></td>
<td>0</td>
<td>com.lumens.testscripts.LumensTestscripts@ae45eb6</td></tr>
<tr>
<td title='com.lumens.testscripts.LumensTestscripts.beforemethod()'><b>beforemethod</b><br>Test class: com.lumens.testscripts.LumensTestscripts</td>
<td></td>
<td>0</td>
<td>com.lumens.testscripts.LumensTestscripts@ae45eb6</td></tr>
<tr>
<td title='com.lumens.testscripts.LumensTestscripts.beforemethod()'><b>beforemethod</b><br>Test class: com.lumens.testscripts.LumensTestscripts</td>
<td></td>
<td>0</td>
<td>com.lumens.testscripts.LumensTestscripts@ae45eb6</td></tr>
<tr>
<td title='com.lumens.testscripts.LumensTestscripts.beforemethod()'><b>beforemethod</b><br>Test class: com.lumens.testscripts.LumensTestscripts</td>
<td></td>
<td>0</td>
<td>com.lumens.testscripts.LumensTestscripts@ae45eb6</td></tr>
<tr>
<td title='com.lumens.testscripts.LumensTestscripts.beforemethod()'><b>beforemethod</b><br>Test class: com.lumens.testscripts.LumensTestscripts</td>
<td></td>
<td>0</td>
<td>com.lumens.testscripts.LumensTestscripts@ae45eb6</td></tr>
<tr>
<td title='com.lumens.testscripts.LumensTestscripts.beforemethod()'><b>beforemethod</b><br>Test class: com.lumens.testscripts.LumensTestscripts</td>
<td></td>
<td>0</td>
<td>com.lumens.testscripts.LumensTestscripts@ae45eb6</td></tr>
<tr>
<td title='com.lumens.testscripts.LumensTestscripts.beforemethod()'><b>beforemethod</b><br>Test class: com.lumens.testscripts.LumensTestscripts</td>
<td></td>
<td>0</td>
<td>com.lumens.testscripts.LumensTestscripts@ae45eb6</td></tr>
<tr>
<td title='com.lumens.testscripts.LumensTestscripts.aftermethod()'><b>aftermethod</b><br>Test class: com.lumens.testscripts.LumensTestscripts</td>
<td></td>
<td>0</td>
<td>com.lumens.testscripts.LumensTestscripts@ae45eb6</td></tr>
<tr>
<td title='com.lumens.testscripts.LumensTestscripts.aftermethod()'><b>aftermethod</b><br>Test class: com.lumens.testscripts.LumensTestscripts</td>
<td></td>
<td>0</td>
<td>com.lumens.testscripts.LumensTestscripts@ae45eb6</td></tr>
<tr>
<td title='com.lumens.testscripts.LumensTestscripts.aftermethod()'><b>aftermethod</b><br>Test class: com.lumens.testscripts.LumensTestscripts</td>
<td></td>
<td>0</td>
<td>com.lumens.testscripts.LumensTestscripts@ae45eb6</td></tr>
<tr>
<td title='com.lumens.testscripts.LumensTestscripts.aftermethod()'><b>aftermethod</b><br>Test class: com.lumens.testscripts.LumensTestscripts</td>
<td></td>
<td>0</td>
<td>com.lumens.testscripts.LumensTestscripts@ae45eb6</td></tr>
<tr>
<td title='com.lumens.testscripts.LumensTestscripts.aftermethod()'><b>aftermethod</b><br>Test class: com.lumens.testscripts.LumensTestscripts</td>
<td></td>
<td>0</td>
<td>com.lumens.testscripts.LumensTestscripts@ae45eb6</td></tr>
<tr>
<td title='com.lumens.testscripts.LumensTestscripts.aftermethod()'><b>aftermethod</b><br>Test class: com.lumens.testscripts.LumensTestscripts</td>
<td></td>
<td>0</td>
<td>com.lumens.testscripts.LumensTestscripts@ae45eb6</td></tr>
<tr>
<td title='com.lumens.testscripts.LumensTestscripts.aftermethod()'><b>aftermethod</b><br>Test class: com.lumens.testscripts.LumensTestscripts</td>
<td></td>
<td>0</td>
<td>com.lumens.testscripts.LumensTestscripts@ae45eb6</td></tr>
<tr>
<td title='com.lumens.testscripts.LumensTestscripts.aftermethod()'><b>aftermethod</b><br>Test class: com.lumens.testscripts.LumensTestscripts</td>
<td></td>
<td>0</td>
<td>com.lumens.testscripts.LumensTestscripts@ae45eb6</td></tr>
<tr>
<td title='com.lumens.testscripts.LumensTestscripts.aftermethod()'><b>aftermethod</b><br>Test class: com.lumens.testscripts.LumensTestscripts</td>
<td></td>
<td>0</td>
<td>com.lumens.testscripts.LumensTestscripts@ae45eb6</td></tr>
<tr>
<td title='com.lumens.testscripts.LumensTestscripts.aftermethod()'><b>aftermethod</b><br>Test class: com.lumens.testscripts.LumensTestscripts</td>
<td></td>
<td>0</td>
<td>com.lumens.testscripts.LumensTestscripts@ae45eb6</td></tr>
<tr>
<td title='com.lumens.testscripts.LumensTestscripts.aftermethod()'><b>aftermethod</b><br>Test class: com.lumens.testscripts.LumensTestscripts</td>
<td></td>
<td>0</td>
<td>com.lumens.testscripts.LumensTestscripts@ae45eb6</td></tr>
<tr>
<td title='com.lumens.testscripts.LumensTestscripts.aftermethod()'><b>aftermethod</b><br>Test class: com.lumens.testscripts.LumensTestscripts</td>
<td></td>
<td>0</td>
<td>com.lumens.testscripts.LumensTestscripts@ae45eb6</td></tr>
</table><p>
<table width='100%' border='1' class='invocation-failed'>
<tr><td colspan='4' align='center'><b>FAILED TESTS</b></td></tr>
<tr><td><b>Test method</b></td>
<td width="30%"><b>Exception</b></td>
<td width="10%"><b>Time (seconds)</b></td>
<td><b>Instance</b></td>
</tr>
<tr>
<td title='com.lumens.testscripts.LumensTestscripts.TC_Lumens_005()'><b>TC_Lumens_005</b><br>Test class: com.lumens.testscripts.LumensTestscripts</td>
<td><div><pre>org.openqa.selenium.WebDriverException: unknown error: Element &lt;a title=&quot;...&quot; href=&quot;https://www.lumens.com/ceiling-lights/&quot;&gt;Ceiling Lights&lt;/a&gt; is not clickable at point (264, 248). Other element would receive the click: &lt;div class=&quot;logincustomers popup-login global-popup-login&quot;&gt;...&lt;/div&gt;
  (Session info: chrome=89.0.4389.128)
  (Driver info: chromedriver=2.43.600210 (68dcf5eebde37173d4027fa8635e332711d2874a),platform=Windows NT 6.1.7601 SP1 x86_64) (WARNING: The server did not provide any stacktrace information)
Command duration or timeout: 0 milliseconds
Build info: version: &apos;3.141.59&apos;, revision: &apos;e82be7d358&apos;, time: &apos;2018-11-14T08:17:03&apos;
System info: host: &apos;USER-PC&apos;, ip: &apos;192.168.0.4&apos;, os.name: &apos;Windows 7&apos;, os.arch: &apos;amd64&apos;, os.version: &apos;6.1&apos;, java.version: &apos;1.8.0_20&apos;
Driver info: org.openqa.selenium.chrome.ChromeDriver
Capabilities {acceptInsecureCerts: false, acceptSslCerts: false, applicationCacheEnabled: false, browserConnectionEnabled: false, browserName: chrome, chrome: {chromedriverVersion: 2.43.600210 (68dcf5eebde371..., userDataDir: C:\Users\user\AppData\Local...}, cssSelectorsEnabled: true, databaseEnabled: false, goog:chromeOptions: {debuggerAddress: localhost:53790}, handlesAlerts: true, hasTouchScreen: false, javascriptEnabled: true, locationContextEnabled: true, mobileEmulationEnabled: false, nativeEvents: true, networkConnectionEnabled: false, pageLoadStrategy: normal, platform: XP, platformName: XP, rotatable: false, setWindowRect: true, takesHeapSnapshot: true, takesScreenshot: true, unexpectedAlertBehaviour: , unhandledPromptBehavior: , version: 89.0.4389.128, webStorageEnabled: true}
Session ID: e2a1fc182c3ed5d99896182737434d17
	at org.openqa.selenium.remote.ErrorHandler.createThrowable(ErrorHandler.java:214)
	at org.openqa.selenium.remote.ErrorHandler.throwIfResponseFailed(ErrorHandler.java:166)
	at org.openqa.selenium.remote.http.JsonHttpResponseCodec.reconstructValue(JsonHttpResponseCodec.java:40)
	at org.openqa.selenium.remote.http.AbstractHttpResponseCodec.decode(AbstractHttpResponseCodec.java:80)
	at org.openqa.selenium.remote.http.AbstractHttpResponseCodec.decode(AbstractHttpResponseCodec.java:44)
	at org.openqa.selenium.remote.HttpCommandExecutor.execute(HttpCommandExecutor.java:158)
	at org.openqa.selenium.remote.service.DriverCommandExecutor.execute(DriverCommandExecutor.java:83)
	at org.openqa.selenium.remote.RemoteWebDriver.execute(RemoteWebDriver.java:552)
	at org.openqa.selenium.remote.RemoteWebElement.execute(RemoteWebElement.java:285)
	at org.openqa.selenium.remote.RemoteWebElement.click(RemoteWebElement.java:84)
	at org.openqa.selenium.support.pagefactory.internal.LocatingElementHandler.invoke(LocatingElementHandler.java:51)
	at com.sun.proxy.$Proxy10.click(Unknown Source)
	at com.lumens.pages.Addproduct.findproduct(Addproduct.java:56)
	at com.lumens.testscripts.LumensTestscripts.TC_Lumens_005(LumensTestscripts.java:75)
... Removed 32 stack frames</pre></div><a href='#' onClick='toggleBox("stack-trace1179272258", this, "Click to show all stack frames", "Click to hide stack frames")'>Click to show all stack frames</a>
<div class='stack-trace' id='stack-trace1179272258'><pre>org.openqa.selenium.WebDriverException: unknown error: Element &lt;a title=&quot;...&quot; href=&quot;https://www.lumens.com/ceiling-lights/&quot;&gt;Ceiling Lights&lt;/a&gt; is not clickable at point (264, 248). Other element would receive the click: &lt;div class=&quot;logincustomers popup-login global-popup-login&quot;&gt;...&lt;/div&gt;
  (Session info: chrome=89.0.4389.128)
  (Driver info: chromedriver=2.43.600210 (68dcf5eebde37173d4027fa8635e332711d2874a),platform=Windows NT 6.1.7601 SP1 x86_64) (WARNING: The server did not provide any stacktrace information)
Command duration or timeout: 0 milliseconds
Build info: version: &apos;3.141.59&apos;, revision: &apos;e82be7d358&apos;, time: &apos;2018-11-14T08:17:03&apos;
System info: host: &apos;USER-PC&apos;, ip: &apos;192.168.0.4&apos;, os.name: &apos;Windows 7&apos;, os.arch: &apos;amd64&apos;, os.version: &apos;6.1&apos;, java.version: &apos;1.8.0_20&apos;
Driver info: org.openqa.selenium.chrome.ChromeDriver
Capabilities {acceptInsecureCerts: false, acceptSslCerts: false, applicationCacheEnabled: false, browserConnectionEnabled: false, browserName: chrome, chrome: {chromedriverVersion: 2.43.600210 (68dcf5eebde371..., userDataDir: C:\Users\user\AppData\Local...}, cssSelectorsEnabled: true, databaseEnabled: false, goog:chromeOptions: {debuggerAddress: localhost:53790}, handlesAlerts: true, hasTouchScreen: false, javascriptEnabled: true, locationContextEnabled: true, mobileEmulationEnabled: false, nativeEvents: true, networkConnectionEnabled: false, pageLoadStrategy: normal, platform: XP, platformName: XP, rotatable: false, setWindowRect: true, takesHeapSnapshot: true, takesScreenshot: true, unexpectedAlertBehaviour: , unhandledPromptBehavior: , version: 89.0.4389.128, webStorageEnabled: true}
Session ID: e2a1fc182c3ed5d99896182737434d17
	at sun.reflect.NativeConstructorAccessorImpl.newInstance0(Native Method)
	at sun.reflect.NativeConstructorAccessorImpl.newInstance(Unknown Source)
	at sun.reflect.DelegatingConstructorAccessorImpl.newInstance(Unknown Source)
	at java.lang.reflect.Constructor.newInstance(Unknown Source)
	at org.openqa.selenium.remote.ErrorHandler.createThrowable(ErrorHandler.java:214)
	at org.openqa.selenium.remote.ErrorHandler.throwIfResponseFailed(ErrorHandler.java:166)
	at org.openqa.selenium.remote.http.JsonHttpResponseCodec.reconstructValue(JsonHttpResponseCodec.java:40)
	at org.openqa.selenium.remote.http.AbstractHttpResponseCodec.decode(AbstractHttpResponseCodec.java:80)
	at org.openqa.selenium.remote.http.AbstractHttpResponseCodec.decode(AbstractHttpResponseCodec.java:44)
	at org.openqa.selenium.remote.HttpCommandExecutor.execute(HttpCommandExecutor.java:158)
	at org.openqa.selenium.remote.service.DriverCommandExecutor.execute(DriverCommandExecutor.java:83)
	at org.openqa.selenium.remote.RemoteWebDriver.execute(RemoteWebDriver.java:552)
	at org.openqa.selenium.remote.RemoteWebElement.execute(RemoteWebElement.java:285)
	at org.openqa.selenium.remote.RemoteWebElement.click(RemoteWebElement.java:84)
	at sun.reflect.NativeMethodAccessorImpl.invoke0(Native Method)
	at sun.reflect.NativeMethodAccessorImpl.invoke(Unknown Source)
	at sun.reflect.DelegatingMethodAccessorImpl.invoke(Unknown Source)
	at java.lang.reflect.Method.invoke(Unknown Source)
	at org.openqa.selenium.support.pagefactory.internal.LocatingElementHandler.invoke(LocatingElementHandler.java:51)
	at com.sun.proxy.$Proxy10.click(Unknown Source)
	at com.lumens.pages.Addproduct.findproduct(Addproduct.java:56)
	at com.lumens.testscripts.LumensTestscripts.TC_Lumens_005(LumensTestscripts.java:75)
	at sun.reflect.NativeMethodAccessorImpl.invoke0(Native Method)
	at sun.reflect.NativeMethodAccessorImpl.invoke(Unknown Source)
	at sun.reflect.DelegatingMethodAccessorImpl.invoke(Unknown Source)
	at java.lang.reflect.Method.invoke(Unknown Source)
	at org.testng.internal.MethodInvocationHelper.invokeMethod(MethodInvocationHelper.java:80)
	at org.testng.internal.Invoker.invokeMethod(Invoker.java:714)
	at org.testng.internal.Invoker.invokeTestMethod(Invoker.java:901)
	at org.testng.internal.Invoker.invokeTestMethods(Invoker.java:1231)
	at org.testng.internal.TestMethodWorker.invokeTestMethods(TestMethodWorker.java:127)
	at org.testng.internal.TestMethodWorker.run(TestMethodWorker.java:111)
	at org.testng.TestRunner.privateRun(TestRunner.java:767)
	at org.testng.TestRunner.run(TestRunner.java:617)
	at org.testng.SuiteRunner.runTest(SuiteRunner.java:334)
	at org.testng.SuiteRunner.runSequentially(SuiteRunner.java:329)
	at org.testng.SuiteRunner.privateRun(SuiteRunner.java:291)
	at org.testng.SuiteRunner.run(SuiteRunner.java:240)
	at org.testng.SuiteRunnerWorker.runSuite(SuiteRunnerWorker.java:52)
	at org.testng.SuiteRunnerWorker.run(SuiteRunnerWorker.java:86)
	at org.testng.TestNG.runSuitesSequentially(TestNG.java:1198)
	at org.testng.TestNG.runSuitesLocally(TestNG.java:1123)
	at org.testng.TestNG.run(TestNG.java:1031)
	at org.testng.remote.AbstractRemoteTestNG.run(AbstractRemoteTestNG.java:114)
	at org.testng.remote.RemoteTestNG.initAndRun(RemoteTestNG.java:251)
	at org.testng.remote.RemoteTestNG.main(RemoteTestNG.java:77)
</pre></div></td>
<td>5</td>
<td>com.lumens.testscripts.LumensTestscripts@ae45eb6</td></tr>
</table><p>
<table width='100%' border='1' class='invocation-passed'>
<tr><td colspan='4' align='center'><b>PASSED TESTS</b></td></tr>
<tr><td><b>Test method</b></td>
<td width="30%"><b>Exception</b></td>
<td width="10%"><b>Time (seconds)</b></td>
<td><b>Instance</b></td>
</tr>
<tr>
<td title='com.lumens.testscripts.LumensTestscripts.TC_Lumens_001()'><b>TC_Lumens_001</b><br>Test class: com.lumens.testscripts.LumensTestscripts</td>
<td></td>
<td>30</td>
<td>com.lumens.testscripts.LumensTestscripts@ae45eb6</td></tr>
<tr>
<td title='com.lumens.testscripts.LumensTestscripts.TC_Lumens_002()'><b>TC_Lumens_002</b><br>Test class: com.lumens.testscripts.LumensTestscripts</td>
<td></td>
<td>22</td>
<td>com.lumens.testscripts.LumensTestscripts@ae45eb6</td></tr>
<tr>
<td title='com.lumens.testscripts.LumensTestscripts.TC_Lumens_003()'><b>TC_Lumens_003</b><br>Test class: com.lumens.testscripts.LumensTestscripts<br/>
<a href="#Output-190628410" onClick='toggleBox("Output-190628410", this, "Show output", "Hide output");'>Show output</a>

<a href="#Output-190628410" onClick="toggleAllBoxes();">Show all outputs</a>
<div class='log' id="Output-190628410">
Modern Lighting, Ceiling Fans, Furniture & Home Decor | Lumens.com<br/>
Modern Lighting, Ceiling Fans, Furniture & Home Decor | Lumens.com<br/>
</div>
</td>
<td></td>
<td>0</td>
<td>com.lumens.testscripts.LumensTestscripts@ae45eb6</td></tr>
<tr>
<td title='com.lumens.testscripts.LumensTestscripts.TC_Lumens_004()'><b>TC_Lumens_004</b><br>Test class: com.lumens.testscripts.LumensTestscripts</td>
<td></td>
<td>62</td>
<td>com.lumens.testscripts.LumensTestscripts@ae45eb6</td></tr>
</table><p>
<table width='100%' border='1' class='invocation-skipped'>
<tr><td colspan='4' align='center'><b>SKIPPED TESTS</b></td></tr>
<tr><td><b>Test method</b></td>
<td width="30%"><b>Exception</b></td>
<td width="10%"><b>Time (seconds)</b></td>
<td><b>Instance</b></td>
</tr>
<tr>
<td title='com.lumens.testscripts.LumensTestscripts.TC_Lumens_006()'><b>TC_Lumens_006</b><br>Test class: com.lumens.testscripts.LumensTestscripts</td>
<td></td>
<td>0</td>
<td>com.lumens.testscripts.LumensTestscripts@ae45eb6</td></tr>
<tr>
<td title='com.lumens.testscripts.LumensTestscripts.TC_Lumens_007()'><b>TC_Lumens_007</b><br>Test class: com.lumens.testscripts.LumensTestscripts</td>
<td></td>
<td>0</td>
<td>com.lumens.testscripts.LumensTestscripts@ae45eb6</td></tr>
<tr>
<td title='com.lumens.testscripts.LumensTestscripts.TC_Lumens_008()'><b>TC_Lumens_008</b><br>Test class: com.lumens.testscripts.LumensTestscripts</td>
<td></td>
<td>0</td>
<td>com.lumens.testscripts.LumensTestscripts@ae45eb6</td></tr>
<tr>
<td title='com.lumens.testscripts.LumensTestscripts.TC_Lumens_009()'><b>TC_Lumens_009</b><br>Test class: com.lumens.testscripts.LumensTestscripts</td>
<td></td>
<td>0</td>
<td>com.lumens.testscripts.LumensTestscripts@ae45eb6</td></tr>
<tr>
<td title='com.lumens.testscripts.LumensTestscripts.TC_Lumens_010()'><b>TC_Lumens_010</b><br>Test class: com.lumens.testscripts.LumensTestscripts</td>
<td></td>
<td>0</td>
<td>com.lumens.testscripts.LumensTestscripts@ae45eb6</td></tr>
<tr>
<td title='com.lumens.testscripts.LumensTestscripts.TC_Lumens_011()'><b>TC_Lumens_011</b><br>Test class: com.lumens.testscripts.LumensTestscripts</td>
<td></td>
<td>0</td>
<td>com.lumens.testscripts.LumensTestscripts@ae45eb6</td></tr>
<tr>
<td title='com.lumens.testscripts.LumensTestscripts.TC_Lumens_012()'><b>TC_Lumens_012</b><br>Test class: com.lumens.testscripts.LumensTestscripts</td>
<td></td>
<td>0</td>
<td>com.lumens.testscripts.LumensTestscripts@ae45eb6</td></tr>
<tr>
<td title='com.lumens.testscripts.LumensTestscripts.TC_Lumens_013()'><b>TC_Lumens_013</b><br>Test class: com.lumens.testscripts.LumensTestscripts</td>
<td></td>
<td>0</td>
<td>com.lumens.testscripts.LumensTestscripts@ae45eb6</td></tr>
<tr>
<td title='com.lumens.testscripts.LumensTestscripts.TC_Lumens_014()'><b>TC_Lumens_014</b><br>Test class: com.lumens.testscripts.LumensTestscripts</td>
<td></td>
<td>0</td>
<td>com.lumens.testscripts.LumensTestscripts@ae45eb6</td></tr>
<tr>
<td title='com.lumens.testscripts.LumensTestscripts.TC_Lumens_015()'><b>TC_Lumens_015</b><br>Test class: com.lumens.testscripts.LumensTestscripts</td>
<td></td>
<td>0</td>
<td>com.lumens.testscripts.LumensTestscripts@ae45eb6</td></tr>
<tr>
<td title='com.lumens.testscripts.LumensTestscripts.TC_Lumens_016()'><b>TC_Lumens_016</b><br>Test class: com.lumens.testscripts.LumensTestscripts</td>
<td></td>
<td>0</td>
<td>com.lumens.testscripts.LumensTestscripts@ae45eb6</td></tr>
<tr>
<td title='com.lumens.testscripts.LumensTestscripts.TC_Lumens_017()'><b>TC_Lumens_017</b><br>Test class: com.lumens.testscripts.LumensTestscripts</td>
<td></td>
<td>0</td>
<td>com.lumens.testscripts.LumensTestscripts@ae45eb6</td></tr>
</table><p>
</body>
</html>