<?xml version="1.0" encoding="UTF-8"?>
<testng-results skipped="12" failed="1" total="17" passed="4">
  <reporter-output>
    <line>
      <![CDATA[Modern Lighting, Ceiling Fans, Furniture & Home Decor | Lumens.com]]>
    </line>
    <line>
      <![CDATA[Modern Lighting, Ceiling Fans, Furniture & Home Decor | Lumens.com]]>
    </line>
  </reporter-output>
  <suite name="Suite" duration-ms="307549" started-at="2021-04-15T12:50:20Z" finished-at="2021-04-15T12:55:27Z">
    <groups>
    </groups>
    <test name="Test" duration-ms="307549" started-at="2021-04-15T12:50:20Z" finished-at="2021-04-15T12:55:27Z">
      <class name="com.lumens.testscripts.LumensTestscripts">
        <test-method status="PASS" signature="beforemethod(java.lang.String)[pri:0, instance:com.lumens.testscripts.LumensTestscripts@ae45eb6]" name="beforemethod" is-config="true" duration-ms="34817" started-at="2021-04-15T18:20:20Z" finished-at="2021-04-15T18:20:55Z">
          <params>
            <param index="0">
              <value>
                <![CDATA[chrome]]>
              </value>
            </param>
          </params>
          <reporter-output>
          </reporter-output>
        </test-method> <!-- beforemethod -->
        <test-method status="PASS" signature="TC_Lumens_001()[pri:0, instance:com.lumens.testscripts.LumensTestscripts@ae45eb6]" name="TC_Lumens_001" duration-ms="30903" started-at="2021-04-15T18:20:55Z" finished-at="2021-04-15T18:21:25Z">
          <reporter-output>
          </reporter-output>
        </test-method> <!-- TC_Lumens_001 -->
        <test-method status="PASS" signature="aftermethod(org.testng.ITestResult)[pri:0, instance:com.lumens.testscripts.LumensTestscripts@ae45eb6]" name="aftermethod" is-config="true" duration-ms="3357" started-at="2021-04-15T18:21:25Z" finished-at="2021-04-15T18:21:29Z">
          <params>
            <param index="0">
              <value>
                <![CDATA[[TestResult name=TC_Lumens_001 status=SUCCESS method=LumensTestscripts.TC_Lumens_001()[pri:0, instance:com.lumens.testscripts.LumensTestscripts@ae45eb6] output={null}]]]>
              </value>
            </param>
          </params>
          <reporter-output>
          </reporter-output>
        </test-method> <!-- aftermethod -->
        <test-method status="PASS" signature="beforemethod(java.lang.String)[pri:0, instance:com.lumens.testscripts.LumensTestscripts@ae45eb6]" name="beforemethod" is-config="true" duration-ms="26451" started-at="2021-04-15T18:21:29Z" finished-at="2021-04-15T18:21:55Z">
          <params>
            <param index="0">
              <value>
                <![CDATA[chrome]]>
              </value>
            </param>
          </params>
          <reporter-output>
          </reporter-output>
        </test-method> <!-- beforemethod -->
        <test-method status="PASS" signature="TC_Lumens_002()[pri:0, instance:com.lumens.testscripts.LumensTestscripts@ae45eb6]" name="TC_Lumens_002" duration-ms="22178" started-at="2021-04-15T18:21:55Z" finished-at="2021-04-15T18:22:17Z">
          <reporter-output>
          </reporter-output>
        </test-method> <!-- TC_Lumens_002 -->
        <test-method status="PASS" signature="aftermethod(org.testng.ITestResult)[pri:0, instance:com.lumens.testscripts.LumensTestscripts@ae45eb6]" name="aftermethod" is-config="true" duration-ms="3071" started-at="2021-04-15T18:22:17Z" finished-at="2021-04-15T18:22:21Z">
          <params>
            <param index="0">
              <value>
                <![CDATA[[TestResult name=TC_Lumens_002 status=SUCCESS method=LumensTestscripts.TC_Lumens_002()[pri:0, instance:com.lumens.testscripts.LumensTestscripts@ae45eb6] output={null}]]]>
              </value>
            </param>
          </params>
          <reporter-output>
          </reporter-output>
        </test-method> <!-- aftermethod -->
        <test-method status="PASS" signature="beforemethod(java.lang.String)[pri:0, instance:com.lumens.testscripts.LumensTestscripts@ae45eb6]" name="beforemethod" is-config="true" duration-ms="26937" started-at="2021-04-15T18:22:21Z" finished-at="2021-04-15T18:22:47Z">
          <params>
            <param index="0">
              <value>
                <![CDATA[chrome]]>
              </value>
            </param>
          </params>
          <reporter-output>
          </reporter-output>
        </test-method> <!-- beforemethod -->
        <test-method status="PASS" signature="TC_Lumens_003()[pri:0, instance:com.lumens.testscripts.LumensTestscripts@ae45eb6]" name="TC_Lumens_003" duration-ms="384" started-at="2021-04-15T18:22:47Z" finished-at="2021-04-15T18:22:48Z">
          <reporter-output>
            <line>
              <![CDATA[Modern Lighting, Ceiling Fans, Furniture & Home Decor | Lumens.com]]>
            </line>
            <line>
              <![CDATA[Modern Lighting, Ceiling Fans, Furniture & Home Decor | Lumens.com]]>
            </line>
          </reporter-output>
        </test-method> <!-- TC_Lumens_003 -->
        <test-method status="PASS" signature="aftermethod(org.testng.ITestResult)[pri:0, instance:com.lumens.testscripts.LumensTestscripts@ae45eb6]" name="aftermethod" is-config="true" duration-ms="1131" started-at="2021-04-15T18:22:48Z" finished-at="2021-04-15T18:22:49Z">
          <params>
            <param index="0">
              <value>
                <![CDATA[[TestResult name=TC_Lumens_003 status=SUCCESS method=LumensTestscripts.TC_Lumens_003()[pri:0, instance:com.lumens.testscripts.LumensTestscripts@ae45eb6] output=Modern Lighting, Ceiling Fans, Furniture & Home Decor | Lumens.com]]]>
              </value>
            </param>
          </params>
          <reporter-output>
          </reporter-output>
        </test-method> <!-- aftermethod -->
        <test-method status="PASS" signature="beforemethod(java.lang.String)[pri:0, instance:com.lumens.testscripts.LumensTestscripts@ae45eb6]" name="beforemethod" is-config="true" duration-ms="28271" started-at="2021-04-15T18:22:49Z" finished-at="2021-04-15T18:23:17Z">
          <params>
            <param index="0">
              <value>
                <![CDATA[chrome]]>
              </value>
            </param>
          </params>
          <reporter-output>
          </reporter-output>
        </test-method> <!-- beforemethod -->
        <test-method status="PASS" signature="TC_Lumens_004()[pri:0, instance:com.lumens.testscripts.LumensTestscripts@ae45eb6]" name="TC_Lumens_004" duration-ms="62203" started-at="2021-04-15T18:23:17Z" finished-at="2021-04-15T18:24:19Z">
          <reporter-output>
          </reporter-output>
        </test-method> <!-- TC_Lumens_004 -->
        <test-method status="PASS" signature="aftermethod(org.testng.ITestResult)[pri:0, instance:com.lumens.testscripts.LumensTestscripts@ae45eb6]" name="aftermethod" is-config="true" duration-ms="3269" started-at="2021-04-15T18:24:19Z" finished-at="2021-04-15T18:24:23Z">
          <params>
            <param index="0">
              <value>
                <![CDATA[[TestResult name=TC_Lumens_004 status=SUCCESS method=LumensTestscripts.TC_Lumens_004()[pri:0, instance:com.lumens.testscripts.LumensTestscripts@ae45eb6] output={null}]]]>
              </value>
            </param>
          </params>
          <reporter-output>
          </reporter-output>
        </test-method> <!-- aftermethod -->
        <test-method status="PASS" signature="beforemethod(java.lang.String)[pri:0, instance:com.lumens.testscripts.LumensTestscripts@ae45eb6]" name="beforemethod" is-config="true" duration-ms="33565" started-at="2021-04-15T18:24:23Z" finished-at="2021-04-15T18:24:56Z">
          <params>
            <param index="0">
              <value>
                <![CDATA[chrome]]>
              </value>
            </param>
          </params>
          <reporter-output>
          </reporter-output>
        </test-method> <!-- beforemethod -->
        <test-method status="FAIL" signature="TC_Lumens_005()[pri:0, instance:com.lumens.testscripts.LumensTestscripts@ae45eb6]" name="TC_Lumens_005" duration-ms="5332" started-at="2021-04-15T18:24:56Z" finished-at="2021-04-15T18:25:02Z">
          <exception class="org.openqa.selenium.WebDriverException">
            <message>
              <![CDATA[unknown error: Element <a title="..." href="https://www.lumens.com/ceiling-lights/">Ceiling Lights</a> is not clickable at point (264, 248). Other element would receive the click: <div class="logincustomers popup-login global-popup-login">...</div>
  (Session info: chrome=89.0.4389.128)
  (Driver info: chromedriver=2.43.600210 (68dcf5eebde37173d4027fa8635e332711d2874a),platform=Windows NT 6.1.7601 SP1 x86_64) (WARNING: The server did not provide any stacktrace information)
Command duration or timeout: 0 milliseconds
Build info: version: '3.141.59', revision: 'e82be7d358', time: '2018-11-14T08:17:03'
System info: host: 'USER-PC', ip: '192.168.0.4', os.name: 'Windows 7', os.arch: 'amd64', os.version: '6.1', java.version: '1.8.0_20'
Driver info: org.openqa.selenium.chrome.ChromeDriver
Capabilities {acceptInsecureCerts: false, acceptSslCerts: false, applicationCacheEnabled: false, browserConnectionEnabled: false, browserName: chrome, chrome: {chromedriverVersion: 2.43.600210 (68dcf5eebde371..., userDataDir: C:\Users\user\AppData\Local...}, cssSelectorsEnabled: true, databaseEnabled: false, goog:chromeOptions: {debuggerAddress: localhost:53790}, handlesAlerts: true, hasTouchScreen: false, javascriptEnabled: true, locationContextEnabled: true, mobileEmulationEnabled: false, nativeEvents: true, networkConnectionEnabled: false, pageLoadStrategy: normal, platform: XP, platformName: XP, rotatable: false, setWindowRect: true, takesHeapSnapshot: true, takesScreenshot: true, unexpectedAlertBehaviour: , unhandledPromptBehavior: , version: 89.0.4389.128, webStorageEnabled: true}
Session ID: e2a1fc182c3ed5d99896182737434d17]]>
            </message>
            <full-stacktrace>
              <![CDATA[org.openqa.selenium.WebDriverException: unknown error: Element <a title="..." href="https://www.lumens.com/ceiling-lights/">Ceiling Lights</a> is not clickable at point (264, 248). Other element would receive the click: <div class="logincustomers popup-login global-popup-login">...</div>
  (Session info: chrome=89.0.4389.128)
  (Driver info: chromedriver=2.43.600210 (68dcf5eebde37173d4027fa8635e332711d2874a),platform=Windows NT 6.1.7601 SP1 x86_64) (WARNING: The server did not provide any stacktrace information)
Command duration or timeout: 0 milliseconds
Build info: version: '3.141.59', revision: 'e82be7d358', time: '2018-11-14T08:17:03'
System info: host: 'USER-PC', ip: '192.168.0.4', os.name: 'Windows 7', os.arch: 'amd64', os.version: '6.1', java.version: '1.8.0_20'
Driver info: org.openqa.selenium.chrome.ChromeDriver
Capabilities {acceptInsecureCerts: false, acceptSslCerts: false, applicationCacheEnabled: false, browserConnectionEnabled: false, browserName: chrome, chrome: {chromedriverVersion: 2.43.600210 (68dcf5eebde371..., userDataDir: C:\Users\user\AppData\Local...}, cssSelectorsEnabled: true, databaseEnabled: false, goog:chromeOptions: {debuggerAddress: localhost:53790}, handlesAlerts: true, hasTouchScreen: false, javascriptEnabled: true, locationContextEnabled: true, mobileEmulationEnabled: false, nativeEvents: true, networkConnectionEnabled: false, pageLoadStrategy: normal, platform: XP, platformName: XP, rotatable: false, setWindowRect: true, takesHeapSnapshot: true, takesScreenshot: true, unexpectedAlertBehaviour: , unhandledPromptBehavior: , version: 89.0.4389.128, webStorageEnabled: true}
Session ID: e2a1fc182c3ed5d99896182737434d17
	at sun.reflect.NativeConstructorAccessorImpl.newInstance0(Native Method)
	at sun.reflect.NativeConstructorAccessorImpl.newInstance(Unknown Source)
	at sun.reflect.DelegatingConstructorAccessorImpl.newInstance(Unknown Source)
	at java.lang.reflect.Constructor.newInstance(Unknown Source)
	at org.openqa.selenium.remote.ErrorHandler.createThrowable(ErrorHandler.java:214)
	at org.openqa.selenium.remote.ErrorHandler.throwIfResponseFailed(ErrorHandler.java:166)
	at org.openqa.selenium.remote.http.JsonHttpResponseCodec.reconstructValue(JsonHttpResponseCodec.java:40)
	at org.openqa.selenium.remote.http.AbstractHttpResponseCodec.decode(AbstractHttpResponseCodec.java:80)
	at org.openqa.selenium.remote.http.AbstractHttpResponseCodec.decode(AbstractHttpResponseCodec.java:44)
	at org.openqa.selenium.remote.HttpCommandExecutor.execute(HttpCommandExecutor.java:158)
	at org.openqa.selenium.remote.service.DriverCommandExecutor.execute(DriverCommandExecutor.java:83)
	at org.openqa.selenium.remote.RemoteWebDriver.execute(RemoteWebDriver.java:552)
	at org.openqa.selenium.remote.RemoteWebElement.execute(RemoteWebElement.java:285)
	at org.openqa.selenium.remote.RemoteWebElement.click(RemoteWebElement.java:84)
	at sun.reflect.NativeMethodAccessorImpl.invoke0(Native Method)
	at sun.reflect.NativeMethodAccessorImpl.invoke(Unknown Source)
	at sun.reflect.DelegatingMethodAccessorImpl.invoke(Unknown Source)
	at java.lang.reflect.Method.invoke(Unknown Source)
	at org.openqa.selenium.support.pagefactory.internal.LocatingElementHandler.invoke(LocatingElementHandler.java:51)
	at com.sun.proxy.$Proxy10.click(Unknown Source)
	at com.lumens.pages.Addproduct.findproduct(Addproduct.java:56)
	at com.lumens.testscripts.LumensTestscripts.TC_Lumens_005(LumensTestscripts.java:75)
	at sun.reflect.NativeMethodAccessorImpl.invoke0(Native Method)
	at sun.reflect.NativeMethodAccessorImpl.invoke(Unknown Source)
	at sun.reflect.DelegatingMethodAccessorImpl.invoke(Unknown Source)
	at java.lang.reflect.Method.invoke(Unknown Source)
	at org.testng.internal.MethodInvocationHelper.invokeMethod(MethodInvocationHelper.java:80)
	at org.testng.internal.Invoker.invokeMethod(Invoker.java:714)
	at org.testng.internal.Invoker.invokeTestMethod(Invoker.java:901)
	at org.testng.internal.Invoker.invokeTestMethods(Invoker.java:1231)
	at org.testng.internal.TestMethodWorker.invokeTestMethods(TestMethodWorker.java:127)
	at org.testng.internal.TestMethodWorker.run(TestMethodWorker.java:111)
	at org.testng.TestRunner.privateRun(TestRunner.java:767)
	at org.testng.TestRunner.run(TestRunner.java:617)
	at org.testng.SuiteRunner.runTest(SuiteRunner.java:334)
	at org.testng.SuiteRunner.runSequentially(SuiteRunner.java:329)
	at org.testng.SuiteRunner.privateRun(SuiteRunner.java:291)
	at org.testng.SuiteRunner.run(SuiteRunner.java:240)
	at org.testng.SuiteRunnerWorker.runSuite(SuiteRunnerWorker.java:52)
	at org.testng.SuiteRunnerWorker.run(SuiteRunnerWorker.java:86)
	at org.testng.TestNG.runSuitesSequentially(TestNG.java:1198)
	at org.testng.TestNG.runSuitesLocally(TestNG.java:1123)
	at org.testng.TestNG.run(TestNG.java:1031)
	at org.testng.remote.AbstractRemoteTestNG.run(AbstractRemoteTestNG.java:114)
	at org.testng.remote.RemoteTestNG.initAndRun(RemoteTestNG.java:251)
	at org.testng.remote.RemoteTestNG.main(RemoteTestNG.java:77)
]]>
            </full-stacktrace>
          </exception> <!-- org.openqa.selenium.WebDriverException -->
          <reporter-output>
          </reporter-output>
        </test-method> <!-- TC_Lumens_005 -->
        <test-method status="FAIL" signature="aftermethod(org.testng.ITestResult)[pri:0, instance:com.lumens.testscripts.LumensTestscripts@ae45eb6]" name="aftermethod" is-config="true" duration-ms="0" started-at="2021-04-15T18:25:02Z" finished-at="2021-04-15T18:25:02Z">
          <params>
            <param index="0">
              <value>
                <![CDATA[[TestResult name=TC_Lumens_005 status=FAILURE method=LumensTestscripts.TC_Lumens_005()[pri:0, instance:com.lumens.testscripts.LumensTestscripts@ae45eb6] output={null}]]]>
              </value>
            </param>
          </params>
          <exception class="org.openqa.selenium.WebDriverException">
            <message>
              <![CDATA[chrome not reachable
  (Session info: chrome=89.0.4389.128)
  (Driver info: chromedriver=2.43.600210 (68dcf5eebde37173d4027fa8635e332711d2874a),platform=Windows NT 6.1.7601 SP1 x86_64) (WARNING: The server did not provide any stacktrace information)
Command duration or timeout: 0 milliseconds
Build info: version: '3.141.59', revision: 'e82be7d358', time: '2018-11-14T08:17:03'
System info: host: 'USER-PC', ip: '192.168.0.4', os.name: 'Windows 7', os.arch: 'amd64', os.version: '6.1', java.version: '1.8.0_20'
Driver info: org.openqa.selenium.chrome.ChromeDriver
Capabilities {acceptInsecureCerts: false, acceptSslCerts: false, applicationCacheEnabled: false, browserConnectionEnabled: false, browserName: chrome, chrome: {chromedriverVersion: 2.43.600210 (68dcf5eebde371..., userDataDir: C:\Users\user\AppData\Local...}, cssSelectorsEnabled: true, databaseEnabled: false, goog:chromeOptions: {debuggerAddress: localhost:53790}, handlesAlerts: true, hasTouchScreen: false, javascriptEnabled: true, locationContextEnabled: true, mobileEmulationEnabled: false, nativeEvents: true, networkConnectionEnabled: false, pageLoadStrategy: normal, platform: XP, platformName: XP, rotatable: false, setWindowRect: true, takesHeapSnapshot: true, takesScreenshot: true, unexpectedAlertBehaviour: , unhandledPromptBehavior: , version: 89.0.4389.128, webStorageEnabled: true}
Session ID: e2a1fc182c3ed5d99896182737434d17]]>
            </message>
            <full-stacktrace>
              <![CDATA[org.openqa.selenium.WebDriverException: chrome not reachable
  (Session info: chrome=89.0.4389.128)
  (Driver info: chromedriver=2.43.600210 (68dcf5eebde37173d4027fa8635e332711d2874a),platform=Windows NT 6.1.7601 SP1 x86_64) (WARNING: The server did not provide any stacktrace information)
Command duration or timeout: 0 milliseconds
Build info: version: '3.141.59', revision: 'e82be7d358', time: '2018-11-14T08:17:03'
System info: host: 'USER-PC', ip: '192.168.0.4', os.name: 'Windows 7', os.arch: 'amd64', os.version: '6.1', java.version: '1.8.0_20'
Driver info: org.openqa.selenium.chrome.ChromeDriver
Capabilities {acceptInsecureCerts: false, acceptSslCerts: false, applicationCacheEnabled: false, browserConnectionEnabled: false, browserName: chrome, chrome: {chromedriverVersion: 2.43.600210 (68dcf5eebde371..., userDataDir: C:\Users\user\AppData\Local...}, cssSelectorsEnabled: true, databaseEnabled: false, goog:chromeOptions: {debuggerAddress: localhost:53790}, handlesAlerts: true, hasTouchScreen: false, javascriptEnabled: true, locationContextEnabled: true, mobileEmulationEnabled: false, nativeEvents: true, networkConnectionEnabled: false, pageLoadStrategy: normal, platform: XP, platformName: XP, rotatable: false, setWindowRect: true, takesHeapSnapshot: true, takesScreenshot: true, unexpectedAlertBehaviour: , unhandledPromptBehavior: , version: 89.0.4389.128, webStorageEnabled: true}
Session ID: e2a1fc182c3ed5d99896182737434d17
	at sun.reflect.NativeConstructorAccessorImpl.newInstance0(Native Method)
	at sun.reflect.NativeConstructorAccessorImpl.newInstance(Unknown Source)
	at sun.reflect.DelegatingConstructorAccessorImpl.newInstance(Unknown Source)
	at java.lang.reflect.Constructor.newInstance(Unknown Source)
	at org.openqa.selenium.remote.ErrorHandler.createThrowable(ErrorHandler.java:214)
	at org.openqa.selenium.remote.ErrorHandler.throwIfResponseFailed(ErrorHandler.java:166)
	at org.openqa.selenium.remote.http.JsonHttpResponseCodec.reconstructValue(JsonHttpResponseCodec.java:40)
	at org.openqa.selenium.remote.http.AbstractHttpResponseCodec.decode(AbstractHttpResponseCodec.java:80)
	at org.openqa.selenium.remote.http.AbstractHttpResponseCodec.decode(AbstractHttpResponseCodec.java:44)
	at org.openqa.selenium.remote.HttpCommandExecutor.execute(HttpCommandExecutor.java:158)
	at org.openqa.selenium.remote.service.DriverCommandExecutor.execute(DriverCommandExecutor.java:83)
	at org.openqa.selenium.remote.RemoteWebDriver.execute(RemoteWebDriver.java:552)
	at org.openqa.selenium.remote.RemoteWebDriver.execute(RemoteWebDriver.java:609)
	at org.openqa.selenium.remote.RemoteWebDriver.close(RemoteWebDriver.java:442)
	at com.lumens.testscripts.LumensTestscripts.aftermethod(LumensTestscripts.java:226)
	at sun.reflect.NativeMethodAccessorImpl.invoke0(Native Method)
	at sun.reflect.NativeMethodAccessorImpl.invoke(Unknown Source)
	at sun.reflect.DelegatingMethodAccessorImpl.invoke(Unknown Source)
	at java.lang.reflect.Method.invoke(Unknown Source)
	at org.testng.internal.MethodInvocationHelper.invokeMethod(MethodInvocationHelper.java:80)
	at org.testng.internal.Invoker.invokeConfigurationMethod(Invoker.java:564)
	at org.testng.internal.Invoker.invokeConfigurations(Invoker.java:213)
	at org.testng.internal.Invoker.invokeMethod(Invoker.java:786)
	at org.testng.internal.Invoker.invokeTestMethod(Invoker.java:901)
	at org.testng.internal.Invoker.invokeTestMethods(Invoker.java:1231)
	at org.testng.internal.TestMethodWorker.invokeTestMethods(TestMethodWorker.java:127)
	at org.testng.internal.TestMethodWorker.run(TestMethodWorker.java:111)
	at org.testng.TestRunner.privateRun(TestRunner.java:767)
	at org.testng.TestRunner.run(TestRunner.java:617)
	at org.testng.SuiteRunner.runTest(SuiteRunner.java:334)
	at org.testng.SuiteRunner.runSequentially(SuiteRunner.java:329)
	at org.testng.SuiteRunner.privateRun(SuiteRunner.java:291)
	at org.testng.SuiteRunner.run(SuiteRunner.java:240)
	at org.testng.SuiteRunnerWorker.runSuite(SuiteRunnerWorker.java:52)
	at org.testng.SuiteRunnerWorker.run(SuiteRunnerWorker.java:86)
	at org.testng.TestNG.runSuitesSequentially(TestNG.java:1198)
	at org.testng.TestNG.runSuitesLocally(TestNG.java:1123)
	at org.testng.TestNG.run(TestNG.java:1031)
	at org.testng.remote.AbstractRemoteTestNG.run(AbstractRemoteTestNG.java:114)
	at org.testng.remote.RemoteTestNG.initAndRun(RemoteTestNG.java:251)
	at org.testng.remote.RemoteTestNG.main(RemoteTestNG.java:77)
]]>
            </full-stacktrace>
          </exception> <!-- org.openqa.selenium.WebDriverException -->
          <reporter-output>
          </reporter-output>
        </test-method> <!-- aftermethod -->
        <test-method status="SKIP" signature="beforemethod(java.lang.String)[pri:0, instance:com.lumens.testscripts.LumensTestscripts@ae45eb6]" name="beforemethod" is-config="true" duration-ms="0" started-at="2021-04-15T18:25:27Z" finished-at="2021-04-15T18:25:27Z">
          <reporter-output>
          </reporter-output>
        </test-method> <!-- beforemethod -->
        <test-method status="SKIP" signature="TC_Lumens_006()[pri:0, instance:com.lumens.testscripts.LumensTestscripts@ae45eb6]" name="TC_Lumens_006" duration-ms="26" started-at="2021-04-15T18:25:27Z" finished-at="2021-04-15T18:25:27Z">
          <reporter-output>
          </reporter-output>
        </test-method> <!-- TC_Lumens_006 -->
        <test-method status="SKIP" signature="TC_Lumens_007()[pri:0, instance:com.lumens.testscripts.LumensTestscripts@ae45eb6]" name="TC_Lumens_007" duration-ms="5" started-at="2021-04-15T18:25:27Z" finished-at="2021-04-15T18:25:27Z">
          <reporter-output>
          </reporter-output>
        </test-method> <!-- TC_Lumens_007 -->
        <test-method status="SKIP" signature="aftermethod(org.testng.ITestResult)[pri:0, instance:com.lumens.testscripts.LumensTestscripts@ae45eb6]" name="aftermethod" is-config="true" duration-ms="0" started-at="2021-04-15T18:25:27Z" finished-at="2021-04-15T18:25:27Z">
          <reporter-output>
          </reporter-output>
        </test-method> <!-- aftermethod -->
        <test-method status="SKIP" signature="beforemethod(java.lang.String)[pri:0, instance:com.lumens.testscripts.LumensTestscripts@ae45eb6]" name="beforemethod" is-config="true" duration-ms="0" started-at="2021-04-15T18:25:27Z" finished-at="2021-04-15T18:25:27Z">
          <reporter-output>
          </reporter-output>
        </test-method> <!-- beforemethod -->
        <test-method status="SKIP" signature="beforemethod(java.lang.String)[pri:0, instance:com.lumens.testscripts.LumensTestscripts@ae45eb6]" name="beforemethod" is-config="true" duration-ms="0" started-at="2021-04-15T18:25:27Z" finished-at="2021-04-15T18:25:27Z">
          <reporter-output>
          </reporter-output>
        </test-method> <!-- beforemethod -->
        <test-method status="SKIP" signature="aftermethod(org.testng.ITestResult)[pri:0, instance:com.lumens.testscripts.LumensTestscripts@ae45eb6]" name="aftermethod" is-config="true" duration-ms="0" started-at="2021-04-15T18:25:27Z" finished-at="2021-04-15T18:25:27Z">
          <reporter-output>
          </reporter-output>
        </test-method> <!-- aftermethod -->
        <test-method status="SKIP" signature="TC_Lumens_008()[pri:0, instance:com.lumens.testscripts.LumensTestscripts@ae45eb6]" name="TC_Lumens_008" duration-ms="5" started-at="2021-04-15T18:25:27Z" finished-at="2021-04-15T18:25:27Z">
          <reporter-output>
          </reporter-output>
        </test-method> <!-- TC_Lumens_008 -->
        <test-method status="SKIP" signature="beforemethod(java.lang.String)[pri:0, instance:com.lumens.testscripts.LumensTestscripts@ae45eb6]" name="beforemethod" is-config="true" duration-ms="0" started-at="2021-04-15T18:25:27Z" finished-at="2021-04-15T18:25:27Z">
          <reporter-output>
          </reporter-output>
        </test-method> <!-- beforemethod -->
        <test-method status="SKIP" signature="aftermethod(org.testng.ITestResult)[pri:0, instance:com.lumens.testscripts.LumensTestscripts@ae45eb6]" name="aftermethod" is-config="true" duration-ms="0" started-at="2021-04-15T18:25:27Z" finished-at="2021-04-15T18:25:27Z">
          <reporter-output>
          </reporter-output>
        </test-method> <!-- aftermethod -->
        <test-method status="SKIP" signature="TC_Lumens_009()[pri:0, instance:com.lumens.testscripts.LumensTestscripts@ae45eb6]" name="TC_Lumens_009" duration-ms="0" started-at="2021-04-15T18:25:27Z" finished-at="2021-04-15T18:25:27Z">
          <reporter-output>
          </reporter-output>
        </test-method> <!-- TC_Lumens_009 -->
        <test-method status="SKIP" signature="aftermethod(org.testng.ITestResult)[pri:0, instance:com.lumens.testscripts.LumensTestscripts@ae45eb6]" name="aftermethod" is-config="true" duration-ms="0" started-at="2021-04-15T18:25:27Z" finished-at="2021-04-15T18:25:27Z">
          <reporter-output>
          </reporter-output>
        </test-method> <!-- aftermethod -->
        <test-method status="SKIP" signature="beforemethod(java.lang.String)[pri:0, instance:com.lumens.testscripts.LumensTestscripts@ae45eb6]" name="beforemethod" is-config="true" duration-ms="0" started-at="2021-04-15T18:25:27Z" finished-at="2021-04-15T18:25:27Z">
          <reporter-output>
          </reporter-output>
        </test-method> <!-- beforemethod -->
        <test-method status="SKIP" signature="aftermethod(org.testng.ITestResult)[pri:0, instance:com.lumens.testscripts.LumensTestscripts@ae45eb6]" name="aftermethod" is-config="true" duration-ms="0" started-at="2021-04-15T18:25:27Z" finished-at="2021-04-15T18:25:27Z">
          <reporter-output>
          </reporter-output>
        </test-method> <!-- aftermethod -->
        <test-method status="SKIP" signature="TC_Lumens_010()[pri:0, instance:com.lumens.testscripts.LumensTestscripts@ae45eb6]" name="TC_Lumens_010" duration-ms="0" started-at="2021-04-15T18:25:27Z" finished-at="2021-04-15T18:25:27Z">
          <reporter-output>
          </reporter-output>
        </test-method> <!-- TC_Lumens_010 -->
        <test-method status="SKIP" signature="beforemethod(java.lang.String)[pri:0, instance:com.lumens.testscripts.LumensTestscripts@ae45eb6]" name="beforemethod" is-config="true" duration-ms="0" started-at="2021-04-15T18:25:27Z" finished-at="2021-04-15T18:25:27Z">
          <reporter-output>
          </reporter-output>
        </test-method> <!-- beforemethod -->
        <test-method status="SKIP" signature="TC_Lumens_011()[pri:0, instance:com.lumens.testscripts.LumensTestscripts@ae45eb6]" name="TC_Lumens_011" duration-ms="0" started-at="2021-04-15T18:25:27Z" finished-at="2021-04-15T18:25:27Z">
          <reporter-output>
          </reporter-output>
        </test-method> <!-- TC_Lumens_011 -->
        <test-method status="SKIP" signature="beforemethod(java.lang.String)[pri:0, instance:com.lumens.testscripts.LumensTestscripts@ae45eb6]" name="beforemethod" is-config="true" duration-ms="0" started-at="2021-04-15T18:25:27Z" finished-at="2021-04-15T18:25:27Z">
          <reporter-output>
          </reporter-output>
        </test-method> <!-- beforemethod -->
        <test-method status="SKIP" signature="aftermethod(org.testng.ITestResult)[pri:0, instance:com.lumens.testscripts.LumensTestscripts@ae45eb6]" name="aftermethod" is-config="true" duration-ms="0" started-at="2021-04-15T18:25:27Z" finished-at="2021-04-15T18:25:27Z">
          <reporter-output>
          </reporter-output>
        </test-method> <!-- aftermethod -->
        <test-method status="SKIP" signature="TC_Lumens_012()[pri:0, instance:com.lumens.testscripts.LumensTestscripts@ae45eb6]" name="TC_Lumens_012" duration-ms="0" started-at="2021-04-15T18:25:27Z" finished-at="2021-04-15T18:25:27Z">
          <reporter-output>
          </reporter-output>
        </test-method> <!-- TC_Lumens_012 -->
        <test-method status="SKIP" signature="beforemethod(java.lang.String)[pri:0, instance:com.lumens.testscripts.LumensTestscripts@ae45eb6]" name="beforemethod" is-config="true" duration-ms="0" started-at="2021-04-15T18:25:27Z" finished-at="2021-04-15T18:25:27Z">
          <reporter-output>
          </reporter-output>
        </test-method> <!-- beforemethod -->
        <test-method status="SKIP" signature="TC_Lumens_013()[pri:0, instance:com.lumens.testscripts.LumensTestscripts@ae45eb6]" name="TC_Lumens_013" duration-ms="0" started-at="2021-04-15T18:25:27Z" finished-at="2021-04-15T18:25:27Z">
          <reporter-output>
          </reporter-output>
        </test-method> <!-- TC_Lumens_013 -->
        <test-method status="SKIP" signature="aftermethod(org.testng.ITestResult)[pri:0, instance:com.lumens.testscripts.LumensTestscripts@ae45eb6]" name="aftermethod" is-config="true" duration-ms="0" started-at="2021-04-15T18:25:27Z" finished-at="2021-04-15T18:25:27Z">
          <reporter-output>
          </reporter-output>
        </test-method> <!-- aftermethod -->
        <test-method status="SKIP" signature="beforemethod(java.lang.String)[pri:0, instance:com.lumens.testscripts.LumensTestscripts@ae45eb6]" name="beforemethod" is-config="true" duration-ms="0" started-at="2021-04-15T18:25:27Z" finished-at="2021-04-15T18:25:27Z">
          <reporter-output>
          </reporter-output>
        </test-method> <!-- beforemethod -->
        <test-method status="SKIP" signature="aftermethod(org.testng.ITestResult)[pri:0, instance:com.lumens.testscripts.LumensTestscripts@ae45eb6]" name="aftermethod" is-config="true" duration-ms="0" started-at="2021-04-15T18:25:27Z" finished-at="2021-04-15T18:25:27Z">
          <reporter-output>
          </reporter-output>
        </test-method> <!-- aftermethod -->
        <test-method status="SKIP" signature="TC_Lumens_014()[pri:0, instance:com.lumens.testscripts.LumensTestscripts@ae45eb6]" name="TC_Lumens_014" duration-ms="0" started-at="2021-04-15T18:25:27Z" finished-at="2021-04-15T18:25:27Z">
          <reporter-output>
          </reporter-output>
        </test-method> <!-- TC_Lumens_014 -->
        <test-method status="SKIP" signature="TC_Lumens_015()[pri:0, instance:com.lumens.testscripts.LumensTestscripts@ae45eb6]" name="TC_Lumens_015" duration-ms="0" started-at="2021-04-15T18:25:27Z" finished-at="2021-04-15T18:25:27Z">
          <reporter-output>
          </reporter-output>
        </test-method> <!-- TC_Lumens_015 -->
        <test-method status="SKIP" signature="aftermethod(org.testng.ITestResult)[pri:0, instance:com.lumens.testscripts.LumensTestscripts@ae45eb6]" name="aftermethod" is-config="true" duration-ms="0" started-at="2021-04-15T18:25:27Z" finished-at="2021-04-15T18:25:27Z">
          <reporter-output>
          </reporter-output>
        </test-method> <!-- aftermethod -->
        <test-method status="SKIP" signature="aftermethod(org.testng.ITestResult)[pri:0, instance:com.lumens.testscripts.LumensTestscripts@ae45eb6]" name="aftermethod" is-config="true" duration-ms="0" started-at="2021-04-15T18:25:27Z" finished-at="2021-04-15T18:25:27Z">
          <reporter-output>
          </reporter-output>
        </test-method> <!-- aftermethod -->
        <test-method status="SKIP" signature="beforemethod(java.lang.String)[pri:0, instance:com.lumens.testscripts.LumensTestscripts@ae45eb6]" name="beforemethod" is-config="true" duration-ms="0" started-at="2021-04-15T18:25:27Z" finished-at="2021-04-15T18:25:27Z">
          <reporter-output>
          </reporter-output>
        </test-method> <!-- beforemethod -->
        <test-method status="SKIP" signature="aftermethod(org.testng.ITestResult)[pri:0, instance:com.lumens.testscripts.LumensTestscripts@ae45eb6]" name="aftermethod" is-config="true" duration-ms="0" started-at="2021-04-15T18:25:27Z" finished-at="2021-04-15T18:25:27Z">
          <reporter-output>
          </reporter-output>
        </test-method> <!-- aftermethod -->
        <test-method status="SKIP" signature="beforemethod(java.lang.String)[pri:0, instance:com.lumens.testscripts.LumensTestscripts@ae45eb6]" name="beforemethod" is-config="true" duration-ms="0" started-at="2021-04-15T18:25:27Z" finished-at="2021-04-15T18:25:27Z">
          <reporter-output>
          </reporter-output>
        </test-method> <!-- beforemethod -->
        <test-method status="SKIP" signature="TC_Lumens_016()[pri:0, instance:com.lumens.testscripts.LumensTestscripts@ae45eb6]" name="TC_Lumens_016" duration-ms="0" started-at="2021-04-15T18:25:27Z" finished-at="2021-04-15T18:25:27Z">
          <reporter-output>
          </reporter-output>
        </test-method> <!-- TC_Lumens_016 -->
        <test-method status="SKIP" signature="TC_Lumens_017()[pri:0, instance:com.lumens.testscripts.LumensTestscripts@ae45eb6]" name="TC_Lumens_017" duration-ms="0" started-at="2021-04-15T18:25:27Z" finished-at="2021-04-15T18:25:27Z">
          <reporter-output>
          </reporter-output>
        </test-method> <!-- TC_Lumens_017 -->
        <test-method status="SKIP" signature="beforemethod(java.lang.String)[pri:0, instance:com.lumens.testscripts.LumensTestscripts@ae45eb6]" name="beforemethod" is-config="true" duration-ms="0" started-at="2021-04-15T18:25:27Z" finished-at="2021-04-15T18:25:27Z">
          <reporter-output>
          </reporter-output>
        </test-method> <!-- beforemethod -->
        <test-method status="SKIP" signature="aftermethod(org.testng.ITestResult)[pri:0, instance:com.lumens.testscripts.LumensTestscripts@ae45eb6]" name="aftermethod" is-config="true" duration-ms="0" started-at="2021-04-15T18:25:27Z" finished-at="2021-04-15T18:25:27Z">
          <reporter-output>
          </reporter-output>
        </test-method> <!-- aftermethod -->
      </class> <!-- com.lumens.testscripts.LumensTestscripts -->
    </test> <!-- Test -->
  </suite> <!-- Suite -->
</testng-results>
